<?xml version="1.0" encoding="UTF-8"?>
<!-- Generated by org.testng.reporters.JUnitReportReporter -->
<testsuite hostname="arunkumar" failures="0" tests="2" name="testscript.NewTest2" time="0.025" errors="0" timestamp="2024-07-28T15:53:52 IST" skipped="0">
  <testcase classname="testscript.NewTest2" name="method12" time="0.012"/>
  <system-out/>
  <testcase classname="testscript.NewTest2" name="nextMethod" time="0.013"/>
  <system-out/>
</testsuite> <!-- testscript.NewTest2 -->
