<?xml version="1.0" encoding="UTF-8"?>
<!-- Generated by org.testng.reporters.JUnitReportReporter -->
<testsuite hostname="arunkumar" failures="0" tests="3" name="testscript.NewTest4" time="0.022" errors="0" timestamp="2024-07-26T12:38:23 IST" skipped="0">
  <testcase classname="testscript.NewTest4" name="priority2" time="0.017"/>
  <system-out/>
  <testcase classname="testscript.NewTest4" name="priority" time="0.002"/>
  <system-out/>
  <testcase classname="testscript.NewTest4" name="priority3" time="0.003"/>
  <system-out/>
</testsuite> <!-- testscript.NewTest4 -->
