<?xml version="1.0" encoding="UTF-8"?>
<!-- Generated by org.testng.reporters.JUnitReportReporter -->
<testsuite hostname="arunkumar" failures="0" tests="1" name="testscript.annotations" time="0.017" errors="0" timestamp="2024-07-28T15:56:53 IST" skipped="0">
  <testcase classname="testscript.annotations" name="allMethodTry" time="0.017"/>
  <system-out/>
</testsuite> <!-- testscript.annotations -->
