<?xml version="1.0" encoding="UTF-8"?>
<!-- Generated by org.testng.reporters.JUnitReportReporter -->
<testsuite hostname="arunkumar" failures="0" tests="2" name="testscript.NewTest2" time="0.058" errors="0" timestamp="2024-07-29T23:09:08 IST" skipped="0">
  <testcase classname="testscript.NewTest2" name="method12" time="0.039"/>
  <system-out/>
  <testcase classname="testscript.NewTest2" name="nextMethod" time="0.019"/>
  <system-out/>
</testsuite> <!-- testscript.NewTest2 -->
