<?xml version="1.0" encoding="UTF-8"?>
<!-- Generated by org.testng.reporters.JUnitReportReporter -->
<testsuite hostname="arunkumar" failures="0" tests="1" name="testscript.NewTest3" time="0.029" errors="0" timestamp="2024-07-26T12:29:20 IST" skipped="0">
  <testcase classname="testscript.NewTest3" name="myMethod" time="0.029"/>
  <system-out/>
</testsuite> <!-- testscript.NewTest3 -->
