<?xml version="1.0" encoding="UTF-8"?>
<!-- Generated by org.testng.reporters.JUnitReportReporter -->
<testsuite hostname="arunkumar" failures="0" tests="1" name="testscript.alert" time="7.789" errors="0" timestamp="2024-07-26T19:37:39 IST" skipped="0">
  <testcase classname="testscript.alert" name="alertHandle" time="7.789"/>
  <system-out/>
</testsuite> <!-- testscript.alert -->
